<?xml version="1.0" encoding="UTF-8"?>
<testng-results skipped="0" failed="0" ignored="0" total="1" passed="1">
  <reporter-output>
  </reporter-output>
  <suite name="Default suite" duration-ms="43993" started-at="2022-06-23T17:59:11 IST" finished-at="2022-06-23T17:59:55 IST">
    <groups>
    </groups>
    <test name="Default test" duration-ms="43993" started-at="2022-06-23T17:59:11 IST" finished-at="2022-06-23T17:59:55 IST">
      <class name="ipl.tab">
        <test-method status="PASS" signature="ipl()[pri:0, instance:ipl.tab@2a742aa2]" name="ipl" duration-ms="43839" started-at="2022-06-23T17:59:11 IST" finished-at="2022-06-23T17:59:55 IST">
          <reporter-output>
          </reporter-output>
        </test-method> <!-- ipl -->
      </class> <!-- ipl.tab -->
    </test> <!-- Default test -->
  </suite> <!-- Default suite -->
</testng-results>
